[29/nov./2017 17:51:21] * /home/cedricici/Documents/Cedric/IGN/ENSGcloud/cloud.md is closed
[29/nov./2017 17:51:21] * Command: /home/cedricici/Documents/Cedric/IGN/ENSGcloud/build.sh
Watch /home/cedricici/Documents/Cedric/IGN/ENSGcloud/cloud.md
[29/nov./2017 17:51:21] IN_CLOSE_WRITE /home/cedricici/Documents/Cedric/IGN/ENSGcloud/cloud.md
[29/nov./2017 17:55:41] * /home/cedricici/Documents/Cedric/IGN/ENSGcloud/cloud.md is closed
[29/nov./2017 17:55:41] * Command: /home/cedricici/Documents/Cedric/IGN/ENSGcloud/build.sh
[29/nov./2017 17:55:41] IN_CLOSE_WRITE /home/cedricici/Documents/Cedric/IGN/ENSGcloud/cloud.md
[29/nov./2017 17:57:27] * /home/cedricici/Documents/Cedric/IGN/ENSGcloud/cloud.md is closed
[29/nov./2017 17:57:27] * Command: /home/cedricici/Documents/Cedric/IGN/ENSGcloud/build.sh
[29/nov./2017 17:57:27] IN_CLOSE_WRITE /home/cedricici/Documents/Cedric/IGN/ENSGcloud/cloud.md
[29/nov./2017 17:59:00] * /home/cedricici/Documents/Cedric/IGN/ENSGcloud/cloud.md is closed
[29/nov./2017 17:59:00] * Command: /home/cedricici/Documents/Cedric/IGN/ENSGcloud/build.sh
[29/nov./2017 17:59:00] IN_CLOSE_WRITE /home/cedricici/Documents/Cedric/IGN/ENSGcloud/cloud.md
[29/nov./2017 17:59:23] * /home/cedricici/Documents/Cedric/IGN/ENSGcloud/cloud.md is closed
[29/nov./2017 17:59:23] * Command: /home/cedricici/Documents/Cedric/IGN/ENSGcloud/build.sh
[29/nov./2017 17:59:23] IN_CLOSE_WRITE /home/cedricici/Documents/Cedric/IGN/ENSGcloud/cloud.md
[29/nov./2017 17:59:55] * /home/cedricici/Documents/Cedric/IGN/ENSGcloud/cloud.md is closed
[29/nov./2017 17:59:55] * Command: /home/cedricici/Documents/Cedric/IGN/ENSGcloud/build.sh
[29/nov./2017 17:59:55] IN_CLOSE_WRITE /home/cedricici/Documents/Cedric/IGN/ENSGcloud/cloud.md
[29/nov./2017 18:08:58] * /home/cedricici/Documents/Cedric/IGN/ENSGcloud/cloud.md is closed
[29/nov./2017 18:08:58] * Command: /home/cedricici/Documents/Cedric/IGN/ENSGcloud/build.sh
[29/nov./2017 18:08:58] IN_CLOSE_WRITE /home/cedricici/Documents/Cedric/IGN/ENSGcloud/cloud.md
[29/nov./2017 18:10:25] * /home/cedricici/Documents/Cedric/IGN/ENSGcloud/cloud.md is closed
[29/nov./2017 18:10:25] * Command: /home/cedricici/Documents/Cedric/IGN/ENSGcloud/build.sh
[29/nov./2017 18:10:25] IN_CLOSE_WRITE /home/cedricici/Documents/Cedric/IGN/ENSGcloud/cloud.md
[29/nov./2017 18:12:19] * /home/cedricici/Documents/Cedric/IGN/ENSGcloud/cloud.md is closed
[29/nov./2017 18:12:19] * Command: /home/cedricici/Documents/Cedric/IGN/ENSGcloud/build.sh
[29/nov./2017 18:12:19] IN_CLOSE_WRITE /home/cedricici/Documents/Cedric/IGN/ENSGcloud/cloud.md
[29/nov./2017 18:13:11] * /home/cedricici/Documents/Cedric/IGN/ENSGcloud/cloud.md is closed
[29/nov./2017 18:13:11] * Command: /home/cedricici/Documents/Cedric/IGN/ENSGcloud/build.sh
[29/nov./2017 18:13:11] IN_CLOSE_WRITE /home/cedricici/Documents/Cedric/IGN/ENSGcloud/cloud.md
[29/nov./2017 18:13:58] * /home/cedricici/Documents/Cedric/IGN/ENSGcloud/cloud.md is closed
[29/nov./2017 18:13:58] * Command: /home/cedricici/Documents/Cedric/IGN/ENSGcloud/build.sh
[29/nov./2017 18:13:58] IN_CLOSE_WRITE /home/cedricici/Documents/Cedric/IGN/ENSGcloud/cloud.md
[29/nov./2017 18:15:34] * /home/cedricici/Documents/Cedric/IGN/ENSGcloud/cloud.md is closed
[29/nov./2017 18:15:34] * Command: /home/cedricici/Documents/Cedric/IGN/ENSGcloud/build.sh
[29/nov./2017 18:15:34] IN_CLOSE_WRITE /home/cedricici/Documents/Cedric/IGN/ENSGcloud/cloud.md
[29/nov./2017 18:15:46] * /home/cedricici/Documents/Cedric/IGN/ENSGcloud/cloud.md is closed
[29/nov./2017 18:15:46] * Command: /home/cedricici/Documents/Cedric/IGN/ENSGcloud/build.sh
[29/nov./2017 18:15:46] IN_CLOSE_WRITE /home/cedricici/Documents/Cedric/IGN/ENSGcloud/cloud.md
[29/nov./2017 18:20:38] * /home/cedricici/Documents/Cedric/IGN/ENSGcloud/cloud.md is closed
[29/nov./2017 18:20:38] * Command: /home/cedricici/Documents/Cedric/IGN/ENSGcloud/build.sh
[29/nov./2017 18:20:38] IN_CLOSE_WRITE /home/cedricici/Documents/Cedric/IGN/ENSGcloud/cloud.md
[29/nov./2017 18:21:20] * /home/cedricici/Documents/Cedric/IGN/ENSGcloud/cloud.md is closed
[29/nov./2017 18:21:20] * Command: /home/cedricici/Documents/Cedric/IGN/ENSGcloud/build.sh
[29/nov./2017 18:21:20] IN_CLOSE_WRITE /home/cedricici/Documents/Cedric/IGN/ENSGcloud/cloud.md
[29/nov./2017 18:21:50] * /home/cedricici/Documents/Cedric/IGN/ENSGcloud/cloud.md is closed
[29/nov./2017 18:21:50] * Command: /home/cedricici/Documents/Cedric/IGN/ENSGcloud/build.sh
[29/nov./2017 18:21:50] IN_CLOSE_WRITE /home/cedricici/Documents/Cedric/IGN/ENSGcloud/cloud.md
[29/nov./2017 18:22:09] * /home/cedricici/Documents/Cedric/IGN/ENSGcloud/cloud.md is closed
[29/nov./2017 18:22:09] * Command: /home/cedricici/Documents/Cedric/IGN/ENSGcloud/build.sh
[29/nov./2017 18:22:09] IN_CLOSE_WRITE /home/cedricici/Documents/Cedric/IGN/ENSGcloud/cloud.md
[29/nov./2017 18:22:37] * /home/cedricici/Documents/Cedric/IGN/ENSGcloud/cloud.md is closed
[29/nov./2017 18:22:37] * Command: /home/cedricici/Documents/Cedric/IGN/ENSGcloud/build.sh
[29/nov./2017 18:22:37] IN_CLOSE_WRITE /home/cedricici/Documents/Cedric/IGN/ENSGcloud/cloud.md
[29/nov./2017 18:23:09] * /home/cedricici/Documents/Cedric/IGN/ENSGcloud/cloud.md is closed
[29/nov./2017 18:23:09] * Command: /home/cedricici/Documents/Cedric/IGN/ENSGcloud/build.sh
[29/nov./2017 18:23:09] IN_CLOSE_WRITE /home/cedricici/Documents/Cedric/IGN/ENSGcloud/cloud.md
[29/nov./2017 18:23:30] * /home/cedricici/Documents/Cedric/IGN/ENSGcloud/cloud.md is closed
[29/nov./2017 18:23:30] * Command: /home/cedricici/Documents/Cedric/IGN/ENSGcloud/build.sh
[29/nov./2017 18:23:30] IN_CLOSE_WRITE /home/cedricici/Documents/Cedric/IGN/ENSGcloud/cloud.md
[29/nov./2017 18:23:47] * /home/cedricici/Documents/Cedric/IGN/ENSGcloud/cloud.md is closed
[29/nov./2017 18:23:47] * Command: /home/cedricici/Documents/Cedric/IGN/ENSGcloud/build.sh
[29/nov./2017 18:23:47] IN_CLOSE_WRITE /home/cedricici/Documents/Cedric/IGN/ENSGcloud/cloud.md
[29/nov./2017 18:24:42] * /home/cedricici/Documents/Cedric/IGN/ENSGcloud/cloud.md is closed
[29/nov./2017 18:24:42] * Command: /home/cedricici/Documents/Cedric/IGN/ENSGcloud/build.sh
[29/nov./2017 18:24:42] IN_CLOSE_WRITE /home/cedricici/Documents/Cedric/IGN/ENSGcloud/cloud.md
[29/nov./2017 18:25:01] * /home/cedricici/Documents/Cedric/IGN/ENSGcloud/cloud.md is closed
[29/nov./2017 18:25:01] * Command: /home/cedricici/Documents/Cedric/IGN/ENSGcloud/build.sh
[29/nov./2017 18:25:01] IN_CLOSE_WRITE /home/cedricici/Documents/Cedric/IGN/ENSGcloud/cloud.md
[29/nov./2017 18:25:39] * /home/cedricici/Documents/Cedric/IGN/ENSGcloud/cloud.md is closed
[29/nov./2017 18:25:39] * Command: /home/cedricici/Documents/Cedric/IGN/ENSGcloud/build.sh
[29/nov./2017 18:25:39] IN_CLOSE_WRITE /home/cedricici/Documents/Cedric/IGN/ENSGcloud/cloud.md
[29/nov./2017 18:26:28] * /home/cedricici/Documents/Cedric/IGN/ENSGcloud/cloud.md is closed
[29/nov./2017 18:26:28] * Command: /home/cedricici/Documents/Cedric/IGN/ENSGcloud/build.sh
[29/nov./2017 18:26:28] IN_CLOSE_WRITE /home/cedricici/Documents/Cedric/IGN/ENSGcloud/cloud.md
[29/nov./2017 18:27:32] * /home/cedricici/Documents/Cedric/IGN/ENSGcloud/cloud.md is closed
[29/nov./2017 18:27:32] * Command: /home/cedricici/Documents/Cedric/IGN/ENSGcloud/build.sh
[29/nov./2017 18:27:32] IN_CLOSE_WRITE /home/cedricici/Documents/Cedric/IGN/ENSGcloud/cloud.md
[29/nov./2017 18:28:43] * /home/cedricici/Documents/Cedric/IGN/ENSGcloud/cloud.md is closed
[29/nov./2017 18:28:43] * Command: /home/cedricici/Documents/Cedric/IGN/ENSGcloud/build.sh
[29/nov./2017 18:28:43] IN_CLOSE_WRITE /home/cedricici/Documents/Cedric/IGN/ENSGcloud/cloud.md
[29/nov./2017 18:29:13] * /home/cedricici/Documents/Cedric/IGN/ENSGcloud/cloud.md is closed
[29/nov./2017 18:29:13] * Command: /home/cedricici/Documents/Cedric/IGN/ENSGcloud/build.sh
[29/nov./2017 18:29:13] IN_CLOSE_WRITE /home/cedricici/Documents/Cedric/IGN/ENSGcloud/cloud.md
[29/nov./2017 18:37:16] * /home/cedricici/Documents/Cedric/IGN/ENSGcloud/cloud.md is closed
[29/nov./2017 18:37:16] * Command: /home/cedricici/Documents/Cedric/IGN/ENSGcloud/build.sh
[29/nov./2017 18:37:16] IN_CLOSE_WRITE /home/cedricici/Documents/Cedric/IGN/ENSGcloud/cloud.md
[ 2/déc./2017 14:52:12] * /home/cedricici/Documents/Cedric/IGN/ENSGcloud/cloud.md is closed
[ 2/déc./2017 14:52:12] * Command: /home/cedricici/Documents/Cedric/IGN/ENSGcloud/build.sh
Watch /home/cedricici/Documents/Cedric/IGN/ENSGcloud/cloud.md
[ 2/déc./2017 14:52:12] IN_CLOSE_WRITE /home/cedricici/Documents/Cedric/IGN/ENSGcloud/cloud.md
[ 2/déc./2017 14:55:52] * /home/cedricici/Documents/Cedric/IGN/ENSGcloud/cloud.md is closed
[ 2/déc./2017 14:55:52] * Command: /home/cedricici/Documents/Cedric/IGN/ENSGcloud/build.sh
[ 2/déc./2017 14:55:52] IN_CLOSE_WRITE /home/cedricici/Documents/Cedric/IGN/ENSGcloud/cloud.md
[ 2/déc./2017 14:57:44] * /home/cedricici/Documents/Cedric/IGN/ENSGcloud/cloud.md is closed
[ 2/déc./2017 14:57:44] * Command: /home/cedricici/Documents/Cedric/IGN/ENSGcloud/build.sh
[ 2/déc./2017 14:57:44] IN_CLOSE_WRITE /home/cedricici/Documents/Cedric/IGN/ENSGcloud/cloud.md
[ 2/déc./2017 14:59:13] * /home/cedricici/Documents/Cedric/IGN/ENSGcloud/cloud.md is closed
[ 2/déc./2017 14:59:13] * Command: /home/cedricici/Documents/Cedric/IGN/ENSGcloud/build.sh
[ 2/déc./2017 14:59:13] IN_CLOSE_WRITE /home/cedricici/Documents/Cedric/IGN/ENSGcloud/cloud.md
[ 2/déc./2017 14:59:20] * /home/cedricici/Documents/Cedric/IGN/ENSGcloud/cloud.md is closed
[ 2/déc./2017 14:59:20] * Command: /home/cedricici/Documents/Cedric/IGN/ENSGcloud/build.sh
[ 2/déc./2017 14:59:20] IN_CLOSE_WRITE /home/cedricici/Documents/Cedric/IGN/ENSGcloud/cloud.md
[ 2/déc./2017 15:00:25] * /home/cedricici/Documents/Cedric/IGN/ENSGcloud/cloud.md is closed
[ 2/déc./2017 15:00:25] * Command: /home/cedricici/Documents/Cedric/IGN/ENSGcloud/build.sh
[ 2/déc./2017 15:00:25] IN_CLOSE_WRITE /home/cedricici/Documents/Cedric/IGN/ENSGcloud/cloud.md
[ 2/déc./2017 15:02:11] * /home/cedricici/Documents/Cedric/IGN/ENSGcloud/cloud.md is closed
[ 2/déc./2017 15:02:11] * Command: /home/cedricici/Documents/Cedric/IGN/ENSGcloud/build.sh
[ 2/déc./2017 15:02:11] IN_CLOSE_WRITE /home/cedricici/Documents/Cedric/IGN/ENSGcloud/cloud.md
[ 2/déc./2017 15:05:15] * /home/cedricici/Documents/Cedric/IGN/ENSGcloud/cloud.md is closed
[ 2/déc./2017 15:05:15] * Command: /home/cedricici/Documents/Cedric/IGN/ENSGcloud/build.sh
[ 2/déc./2017 15:05:15] IN_CLOSE_WRITE /home/cedricici/Documents/Cedric/IGN/ENSGcloud/cloud.md
[ 3/déc./2017 16:34:57] * /home/cedricici/Documents/Cedric/IGN/ENSGcloud/cloud.md is closed
[ 3/déc./2017 16:34:57] * Command: /home/cedricici/Documents/Cedric/IGN/ENSGcloud/build.sh
Watch /home/cedricici/Documents/Cedric/IGN/ENSGcloud/cloud.md
[ 3/déc./2017 16:34:57] IN_CLOSE_WRITE /home/cedricici/Documents/Cedric/IGN/ENSGcloud/cloud.md
[ 3/déc./2017 16:42:32] * /home/cedricici/Documents/Cedric/IGN/ENSGcloud/cloud.md is closed
[ 3/déc./2017 16:42:32] * Command: /home/cedricici/Documents/Cedric/IGN/ENSGcloud/build.sh
[ 3/déc./2017 16:42:32] IN_CLOSE_WRITE /home/cedricici/Documents/Cedric/IGN/ENSGcloud/cloud.md
[ 3/déc./2017 17:08:04] * /home/cedricici/Documents/Cedric/IGN/ENSGcloud/cloud.md is closed
[ 3/déc./2017 17:08:04] * Command: /home/cedricici/Documents/Cedric/IGN/ENSGcloud/build.sh
[ 3/déc./2017 17:08:04] IN_CLOSE_WRITE /home/cedricici/Documents/Cedric/IGN/ENSGcloud/cloud.md
[ 3/déc./2017 17:08:17] * /home/cedricici/Documents/Cedric/IGN/ENSGcloud/cloud.md is closed
[ 3/déc./2017 17:08:17] * Command: /home/cedricici/Documents/Cedric/IGN/ENSGcloud/build.sh
[ 3/déc./2017 17:08:17] IN_CLOSE_WRITE /home/cedricici/Documents/Cedric/IGN/ENSGcloud/cloud.md
[ 3/déc./2017 17:23:27] * /home/cedricici/Documents/Cedric/IGN/ENSGcloud/cloud.md is closed
[ 3/déc./2017 17:23:27] * Command: /home/cedricici/Documents/Cedric/IGN/ENSGcloud/build.sh
[ 3/déc./2017 17:23:27] IN_CLOSE_WRITE /home/cedricici/Documents/Cedric/IGN/ENSGcloud/cloud.md
[ 3/déc./2017 17:24:41] * /home/cedricici/Documents/Cedric/IGN/ENSGcloud/cloud.md is closed
[ 3/déc./2017 17:24:41] * Command: /home/cedricici/Documents/Cedric/IGN/ENSGcloud/build.sh
[ 3/déc./2017 17:24:41] IN_CLOSE_WRITE /home/cedricici/Documents/Cedric/IGN/ENSGcloud/cloud.md
[ 3/déc./2017 17:28:08] * /home/cedricici/Documents/Cedric/IGN/ENSGcloud/cloud.md is closed
[ 3/déc./2017 17:28:08] * Command: /home/cedricici/Documents/Cedric/IGN/ENSGcloud/build.sh
[ 3/déc./2017 17:28:08] IN_CLOSE_WRITE /home/cedricici/Documents/Cedric/IGN/ENSGcloud/cloud.md
[ 3/déc./2017 17:29:04] * /home/cedricici/Documents/Cedric/IGN/ENSGcloud/cloud.md is closed
[ 3/déc./2017 17:29:04] * Command: /home/cedricici/Documents/Cedric/IGN/ENSGcloud/build.sh
[ 3/déc./2017 17:29:04] IN_CLOSE_WRITE /home/cedricici/Documents/Cedric/IGN/ENSGcloud/cloud.md
[ 6/déc./2017 14:35:19] * /home/cedricici/Documents/Cedric/IGN/ENSGcloud/cloud.md is closed
[ 6/déc./2017 14:35:19] * Command: /home/cedricici/Documents/Cedric/IGN/ENSGcloud/build.sh
Watch /home/cedricici/Documents/Cedric/IGN/ENSGcloud/cloud.md
[ 6/déc./2017 14:35:19] IN_CLOSE_WRITE /home/cedricici/Documents/Cedric/IGN/ENSGcloud/cloud.md
[ 6/déc./2017 14:40:48] * /home/cedricici/Documents/Cedric/IGN/ENSGcloud/cloud.md is closed
[ 6/déc./2017 14:40:48] * Command: /home/cedricici/Documents/Cedric/IGN/ENSGcloud/build.sh
[ 6/déc./2017 14:40:48] IN_CLOSE_WRITE /home/cedricici/Documents/Cedric/IGN/ENSGcloud/cloud.md
[ 6/déc./2017 14:41:13] * /home/cedricici/Documents/Cedric/IGN/ENSGcloud/cloud.md is closed
[ 6/déc./2017 14:41:13] * Command: /home/cedricici/Documents/Cedric/IGN/ENSGcloud/build.sh
[ 6/déc./2017 14:41:13] IN_CLOSE_WRITE /home/cedricici/Documents/Cedric/IGN/ENSGcloud/cloud.md
[ 6/déc./2017 14:42:30] * /home/cedricici/Documents/Cedric/IGN/ENSGcloud/cloud.md is closed
[ 6/déc./2017 14:42:30] * Command: /home/cedricici/Documents/Cedric/IGN/ENSGcloud/build.sh
[ 6/déc./2017 14:42:30] IN_CLOSE_WRITE /home/cedricici/Documents/Cedric/IGN/ENSGcloud/cloud.md
[ 6/déc./2017 14:42:48] * /home/cedricici/Documents/Cedric/IGN/ENSGcloud/cloud.md is closed
[ 6/déc./2017 14:42:48] * Command: /home/cedricici/Documents/Cedric/IGN/ENSGcloud/build.sh
[ 6/déc./2017 14:42:48] IN_CLOSE_WRITE /home/cedricici/Documents/Cedric/IGN/ENSGcloud/cloud.md
[ 6/déc./2017 14:43:04] * /home/cedricici/Documents/Cedric/IGN/ENSGcloud/cloud.md is closed
[ 6/déc./2017 14:43:04] * Command: /home/cedricici/Documents/Cedric/IGN/ENSGcloud/build.sh
[ 6/déc./2017 14:43:04] IN_CLOSE_WRITE /home/cedricici/Documents/Cedric/IGN/ENSGcloud/cloud.md
[ 6/déc./2017 14:43:29] * /home/cedricici/Documents/Cedric/IGN/ENSGcloud/cloud.md is closed
[ 6/déc./2017 14:43:29] * Command: /home/cedricici/Documents/Cedric/IGN/ENSGcloud/build.sh
[ 6/déc./2017 14:43:29] IN_CLOSE_WRITE /home/cedricici/Documents/Cedric/IGN/ENSGcloud/cloud.md
[ 6/déc./2017 14:43:31] * /home/cedricici/Documents/Cedric/IGN/ENSGcloud/cloud.md is closed
[ 6/déc./2017 14:43:31] * Command: /home/cedricici/Documents/Cedric/IGN/ENSGcloud/build.sh
[ 6/déc./2017 14:43:31] IN_CLOSE_WRITE /home/cedricici/Documents/Cedric/IGN/ENSGcloud/cloud.md
[ 6/déc./2017 14:51:43] * /home/cedricici/Documents/Cedric/IGN/ENSGcloud/cloud.md is closed
[ 6/déc./2017 14:51:43] * Command: /home/cedricici/Documents/Cedric/IGN/ENSGcloud/build.sh
[ 6/déc./2017 14:51:43] IN_CLOSE_WRITE /home/cedricici/Documents/Cedric/IGN/ENSGcloud/cloud.md
[ 6/déc./2017 14:53:01] * /home/cedricici/Documents/Cedric/IGN/ENSGcloud/cloud.md is closed
[ 6/déc./2017 14:53:01] * Command: /home/cedricici/Documents/Cedric/IGN/ENSGcloud/build.sh
[ 6/déc./2017 14:53:01] IN_CLOSE_WRITE /home/cedricici/Documents/Cedric/IGN/ENSGcloud/cloud.md
[ 6/déc./2017 16:45:55] * /home/cedricici/Documents/Cedric/IGN/ENSGcloud/cloud.md is closed
[ 6/déc./2017 16:45:55] * Command: /home/cedricici/Documents/Cedric/IGN/ENSGcloud/build.sh
[ 6/déc./2017 16:45:55] IN_CLOSE_WRITE /home/cedricici/Documents/Cedric/IGN/ENSGcloud/cloud.md
[ 6/déc./2017 17:03:54] * /home/cedricici/Documents/Cedric/IGN/ENSGcloud/cloud.md is closed
[ 6/déc./2017 17:03:54] * Command: /home/cedricici/Documents/Cedric/IGN/ENSGcloud/build.sh
[ 6/déc./2017 17:03:54] IN_CLOSE_WRITE /home/cedricici/Documents/Cedric/IGN/ENSGcloud/cloud.md
[ 6/déc./2017 19:36:15] * /home/cedricici/Documents/Cedric/IGN/ENSGcloud/cloud.md is closed
[ 6/déc./2017 19:36:15] * Command: /home/cedricici/Documents/Cedric/IGN/ENSGcloud/build.sh
[ 6/déc./2017 19:36:15] IN_CLOSE_WRITE /home/cedricici/Documents/Cedric/IGN/ENSGcloud/cloud.md
[ 6/déc./2017 19:39:20] * /home/cedricici/Documents/Cedric/IGN/ENSGcloud/cloud.md is closed
[ 6/déc./2017 19:39:20] * Command: /home/cedricici/Documents/Cedric/IGN/ENSGcloud/build.sh
[ 6/déc./2017 19:39:20] IN_CLOSE_WRITE /home/cedricici/Documents/Cedric/IGN/ENSGcloud/cloud.md
[ 6/déc./2017 19:42:25] * /home/cedricici/Documents/Cedric/IGN/ENSGcloud/cloud.md is closed
[ 6/déc./2017 19:42:25] * Command: /home/cedricici/Documents/Cedric/IGN/ENSGcloud/build.sh
[ 6/déc./2017 19:42:25] IN_CLOSE_WRITE /home/cedricici/Documents/Cedric/IGN/ENSGcloud/cloud.md
[ 6/déc./2017 19:42:54] * /home/cedricici/Documents/Cedric/IGN/ENSGcloud/cloud.md is closed
[ 6/déc./2017 19:42:54] * Command: /home/cedricici/Documents/Cedric/IGN/ENSGcloud/build.sh
[ 6/déc./2017 19:42:54] IN_CLOSE_WRITE /home/cedricici/Documents/Cedric/IGN/ENSGcloud/cloud.md
[ 6/déc./2017 21:30:13] * /home/cedricici/Documents/Cedric/IGN/ENSGcloud/cloud.md is closed
[ 6/déc./2017 21:30:13] * Command: /home/cedricici/Documents/Cedric/IGN/ENSGcloud/build.sh
[ 6/déc./2017 21:30:13] IN_CLOSE_WRITE /home/cedricici/Documents/Cedric/IGN/ENSGcloud/cloud.md
[ 6/déc./2017 21:30:34] * /home/cedricici/Documents/Cedric/IGN/ENSGcloud/cloud.md is closed
[ 6/déc./2017 21:30:34] * Command: /home/cedricici/Documents/Cedric/IGN/ENSGcloud/build.sh
[ 6/déc./2017 21:30:34] IN_CLOSE_WRITE /home/cedricici/Documents/Cedric/IGN/ENSGcloud/cloud.md
[ 6/déc./2017 22:37:11] * /home/cedricici/Documents/Cedric/IGN/ENSGcloud/cloud.md is closed
[ 6/déc./2017 22:37:11] * Command: /home/cedricici/Documents/Cedric/IGN/ENSGcloud/build.sh
[ 6/déc./2017 22:37:11] IN_CLOSE_WRITE /home/cedricici/Documents/Cedric/IGN/ENSGcloud/cloud.md
[ 7/déc./2017 22:34:47] * /home/cedricici/Documents/Cedric/IGN/ENSGcloud/cloud.md is closed
[ 7/déc./2017 22:34:47] * Command: /home/cedricici/Documents/Cedric/IGN/ENSGcloud/build.sh
Watch /home/cedricici/Documents/Cedric/IGN/ENSGcloud/cloud.md
[ 7/déc./2017 22:34:47] IN_CLOSE_WRITE /home/cedricici/Documents/Cedric/IGN/ENSGcloud/cloud.md
[ 7/déc./2017 22:35:23] * /home/cedricici/Documents/Cedric/IGN/ENSGcloud/cloud.md is closed
[ 7/déc./2017 22:35:23] * Command: /home/cedricici/Documents/Cedric/IGN/ENSGcloud/build.sh
[ 7/déc./2017 22:35:23] IN_CLOSE_WRITE /home/cedricici/Documents/Cedric/IGN/ENSGcloud/cloud.md
[ 7/déc./2017 23:29:25] * /home/cedricici/Documents/Cedric/IGN/ENSGcloud/cloud.md is closed
[ 7/déc./2017 23:29:25] * Command: /home/cedricici/Documents/Cedric/IGN/ENSGcloud/build.sh
[ 7/déc./2017 23:29:25] IN_CLOSE_WRITE /home/cedricici/Documents/Cedric/IGN/ENSGcloud/cloud.md
[ 7/déc./2017 23:31:33] * /home/cedricici/Documents/Cedric/IGN/ENSGcloud/cloud.md is closed
[ 7/déc./2017 23:31:33] * Command: /home/cedricici/Documents/Cedric/IGN/ENSGcloud/build.sh
[ 7/déc./2017 23:31:33] IN_CLOSE_WRITE /home/cedricici/Documents/Cedric/IGN/ENSGcloud/cloud.md
[ 7/déc./2017 23:47:29] * /home/cedricici/Documents/Cedric/IGN/ENSGcloud/cloud.md is closed
[ 7/déc./2017 23:47:29] * Command: /home/cedricici/Documents/Cedric/IGN/ENSGcloud/build.sh
[ 7/déc./2017 23:47:29] IN_CLOSE_WRITE /home/cedricici/Documents/Cedric/IGN/ENSGcloud/cloud.md
[ 7/déc./2017 23:56:52] * /home/cedricici/Documents/Cedric/IGN/ENSGcloud/cloud.md is closed
[ 7/déc./2017 23:56:52] * Command: /home/cedricici/Documents/Cedric/IGN/ENSGcloud/build.sh
[ 7/déc./2017 23:56:52] IN_CLOSE_WRITE /home/cedricici/Documents/Cedric/IGN/ENSGcloud/cloud.md
[ 8/déc./2017 00:09:57] * /home/cedricici/Documents/Cedric/IGN/ENSGcloud/cloud.md is closed
[ 8/déc./2017 00:09:57] * Command: /home/cedricici/Documents/Cedric/IGN/ENSGcloud/build.sh
[ 8/déc./2017 00:09:57] IN_CLOSE_WRITE /home/cedricici/Documents/Cedric/IGN/ENSGcloud/cloud.md
